<?xml version="1.0" encoding="UTF-8"?>
<!-- Generated by org.testng.reporters.JUnitXMLReporter -->
<testsuite ignored="0" hostname="DESKTOP-2206U1P" failures="0" tests="6" name="Default test" time="5.123" errors="0" timestamp="2025-06-23T20:36:56 IST">
  <testcase classname="Basic.DynamicJson" name="addBook" time="4.201"/>
  <testcase classname="Basic.DynamicJson" name="addBook" time="0.15"/>
  <testcase classname="Basic.DynamicJson" name="addBook" time="0.207"/>
  <testcase classname="Basic.DynamicJson" name="deleteBook" time="0.164"/>
  <testcase classname="Basic.DynamicJson" name="deleteBook" time="0.138"/>
  <testcase classname="Basic.DynamicJson" name="deleteBook" time="0.137"/>
</testsuite> <!-- Default test -->
