<?xml version="1.0" encoding="UTF-8"?>
<testng-results ignored="0" total="6" passed="6" failed="0" skipped="0">
  <reporter-output>
  </reporter-output>
  <suite started-at="2025-06-23T20:36:51 IST" name="Default suite" finished-at="2025-06-23T20:36:56 IST" duration-ms="5123">
    <groups>
    </groups>
    <test started-at="2025-06-23T20:36:51 IST" name="Default test" finished-at="2025-06-23T20:36:56 IST" duration-ms="5123">
      <class name="Basic.DynamicJson">
        <test-method signature="addBook(java.lang.String,java.lang.String)[pri:0, instance:Basic.DynamicJson@38425407]" started-at="2025-06-23T20:36:51 IST" name="addBook" data-provider="BooksData" finished-at="2025-06-23T20:36:55 IST" duration-ms="4201" status="PASS">
          <params>
            <param index="0">
              <value>
                <![CDATA[hsgai]]>
              </value>
            </param>
            <param index="1">
              <value>
                <![CDATA[7275]]>
              </value>
            </param>
          </params>
          <reporter-output>
          </reporter-output>
        </test-method> <!-- addBook -->
        <test-method signature="addBook(java.lang.String,java.lang.String)[pri:0, instance:Basic.DynamicJson@38425407]" started-at="2025-06-23T20:36:55 IST" name="addBook" data-provider="BooksData" finished-at="2025-06-23T20:36:55 IST" duration-ms="150" status="PASS">
          <params>
            <param index="0">
              <value>
                <![CDATA[yakau]]>
              </value>
            </param>
            <param index="1">
              <value>
                <![CDATA[5762]]>
              </value>
            </param>
          </params>
          <reporter-output>
          </reporter-output>
        </test-method> <!-- addBook -->
        <test-method signature="addBook(java.lang.String,java.lang.String)[pri:0, instance:Basic.DynamicJson@38425407]" started-at="2025-06-23T20:36:55 IST" name="addBook" data-provider="BooksData" finished-at="2025-06-23T20:36:55 IST" duration-ms="207" status="PASS">
          <params>
            <param index="0">
              <value>
                <![CDATA[uslq]]>
              </value>
            </param>
            <param index="1">
              <value>
                <![CDATA[1280]]>
              </value>
            </param>
          </params>
          <reporter-output>
          </reporter-output>
        </test-method> <!-- addBook -->
        <test-method signature="deleteBook(java.lang.String,java.lang.String)[pri:0, instance:Basic.DynamicJson@38425407]" started-at="2025-06-23T20:36:55 IST" name="deleteBook" data-provider="BooksData" finished-at="2025-06-23T20:36:55 IST" duration-ms="164" status="PASS">
          <params>
            <param index="0">
              <value>
                <![CDATA[hsgai]]>
              </value>
            </param>
            <param index="1">
              <value>
                <![CDATA[7275]]>
              </value>
            </param>
          </params>
          <reporter-output>
          </reporter-output>
        </test-method> <!-- deleteBook -->
        <test-method signature="deleteBook(java.lang.String,java.lang.String)[pri:0, instance:Basic.DynamicJson@38425407]" started-at="2025-06-23T20:36:55 IST" name="deleteBook" data-provider="BooksData" finished-at="2025-06-23T20:36:56 IST" duration-ms="138" status="PASS">
          <params>
            <param index="0">
              <value>
                <![CDATA[yakau]]>
              </value>
            </param>
            <param index="1">
              <value>
                <![CDATA[5762]]>
              </value>
            </param>
          </params>
          <reporter-output>
          </reporter-output>
        </test-method> <!-- deleteBook -->
        <test-method signature="deleteBook(java.lang.String,java.lang.String)[pri:0, instance:Basic.DynamicJson@38425407]" started-at="2025-06-23T20:36:56 IST" name="deleteBook" data-provider="BooksData" finished-at="2025-06-23T20:36:56 IST" duration-ms="137" status="PASS">
          <params>
            <param index="0">
              <value>
                <![CDATA[uslq]]>
              </value>
            </param>
            <param index="1">
              <value>
                <![CDATA[1280]]>
              </value>
            </param>
          </params>
          <reporter-output>
          </reporter-output>
        </test-method> <!-- deleteBook -->
      </class> <!-- Basic.DynamicJson -->
    </test> <!-- Default test -->
  </suite> <!-- Default suite -->
</testng-results>
