<?xml version="1.0" encoding="UTF-8"?>
<testng-results ignored="0" total="1" passed="1" failed="0" skipped="0">
  <reporter-output>
  </reporter-output>
  <suite started-at="2025-06-23T15:46:55 IST" name="Default suite" finished-at="2025-06-23T15:46:57 IST" duration-ms="2666">
    <groups>
    </groups>
    <test started-at="2025-06-23T15:46:55 IST" name="Default test" finished-at="2025-06-23T15:46:57 IST" duration-ms="2666">
      <class name="Basic.SumValidation">
        <test-method signature="sumOfCourses()[pri:0, instance:Basic.SumValidation@6b2ea799]" started-at="2025-06-23T15:46:55 IST" name="sumOfCourses" finished-at="2025-06-23T15:46:57 IST" duration-ms="2584" status="PASS">
          <reporter-output>
          </reporter-output>
        </test-method> <!-- sumOfCourses -->
      </class> <!-- Basic.SumValidation -->
    </test> <!-- Default test -->
  </suite> <!-- Default suite -->
</testng-results>
